<?xml version="1.0" encoding="UTF-8"?>
<testng-results skipped="0" failed="0" ignored="0" total="1" passed="1">
  <reporter-output>
  </reporter-output>
  <suite name="Suite1" duration-ms="81" started-at="2019-12-18T11:26:36 EST" finished-at="2019-12-18T11:26:36 EST">
    <groups>
    </groups>
    <test name="Test1" duration-ms="81" started-at="2019-12-18T11:26:36 EST" finished-at="2019-12-18T11:26:36 EST">
      <class name="helloworld.TestMaven">
        <test-method status="PASS" signature="test()[pri:0, instance:helloworld.TestMaven@91161c7]" name="test" duration-ms="13" started-at="2019-12-18T11:26:36 EST" finished-at="2019-12-18T11:26:36 EST">
          <reporter-output>
          </reporter-output>
        </test-method> <!-- test -->
      </class> <!-- helloworld.TestMaven -->
    </test> <!-- Test1 -->
  </suite> <!-- Suite1 -->
</testng-results>
