<?xml version="1.0" encoding="UTF-8"?>
<testng-results skipped="0" failed="0" ignored="0" total="1" passed="1">
  <reporter-output>
  </reporter-output>
  <suite name="Suite1" duration-ms="29" started-at="2019-12-17T12:27:37Z" finished-at="2019-12-17T12:27:37Z">
    <groups>
    </groups>
    <test name="Test1" duration-ms="29" started-at="2019-12-17T12:27:37Z" finished-at="2019-12-17T12:27:37Z">
      <class name="helloworld.TestMaven">
        <test-method status="PASS" signature="test()[pri:0, instance:helloworld.TestMaven@23ceabc1]" name="test" duration-ms="7" started-at="2019-12-17T12:27:37Z" finished-at="2019-12-17T12:27:37Z">
          <reporter-output>
          </reporter-output>
        </test-method> <!-- test -->
      </class> <!-- helloworld.TestMaven -->
    </test> <!-- Test1 -->
  </suite> <!-- Suite1 -->
</testng-results>
